2019-02-27 03:28:13.571+0000 WARN [o.n.i.p.PageCache] The dbms.memory.pagecache.size setting has not been configured. It is recommended that this setting is always explicitly configured, to ensure the system has a balanced configuration. Until then, a computed heuristic value of 3221225472 bytes will be used instead. Run `neo4j-admin memrec` for memory configuration suggestions.
2019-02-27 03:28:14.145+0000 INFO [o.n.k.i.f.CommunityEditionModule] No locking implementation specified, defaulting to 'community'
2019-02-27 03:28:14.414+0000 INFO [o.n.k.AvailabilityGuard] Requirement makes database unavailable: Database available
2019-02-27 03:28:14.437+0000 INFO [o.n.k.i.DiagnosticsManager] --- INITIALIZED diagnostics START ---
2019-02-27 03:28:14.437+0000 INFO [o.n.k.i.DiagnosticsManager] Neo4j Kernel properties:
2019-02-27 03:28:14.437+0000 INFO [o.n.k.i.DiagnosticsManager] dbms.connector.http.enabled=true
2019-02-27 03:28:14.437+0000 INFO [o.n.k.i.DiagnosticsManager] dbms.security.auth_enabled=false
2019-02-27 03:28:14.437+0000 INFO [o.n.k.i.DiagnosticsManager] dbms.windows_service_name=neo4j
2019-02-27 03:28:14.437+0000 INFO [o.n.k.i.DiagnosticsManager] dbms.connector.http.listen_address=localhost:7474
2019-02-27 03:28:14.437+0000 INFO [o.n.k.i.DiagnosticsManager] dbms.connector.https.listen_address=localhost:7473
2019-02-27 03:28:14.437+0000 INFO [o.n.k.i.DiagnosticsManager] unsupported.dbms.directories.neo4j_home=/Users/Macbook/FinalApp/db/neo4j/development
2019-02-27 03:28:14.438+0000 INFO [o.n.k.i.DiagnosticsManager] dbms.connector.bolt.listen_address=localhost:7472
2019-02-27 03:28:14.438+0000 INFO [o.n.k.i.DiagnosticsManager] dbms.directories.import=import
2019-02-27 03:28:14.438+0000 INFO [o.n.k.i.DiagnosticsManager] unsupported.dbms.edition=community
2019-02-27 03:28:14.438+0000 INFO [o.n.k.i.DiagnosticsManager] dbms.connector.bolt.enabled=true
2019-02-27 03:28:14.438+0000 INFO [o.n.k.i.DiagnosticsManager] dbms.connector.https.enabled=false
2019-02-27 03:28:14.438+0000 INFO [o.n.k.i.DiagnosticsManager] dbms.jvm.additional=-Dunsupported.dbms.udc.source=tarball
2019-02-27 03:28:14.438+0000 INFO [o.n.k.i.DiagnosticsManager] dbms.tx_log.rotation.retention_policy=1 days
2019-02-27 03:28:14.438+0000 INFO [o.n.k.i.DiagnosticsManager] Diagnostics providers:
2019-02-27 03:28:14.439+0000 INFO [o.n.k.i.DiagnosticsManager] org.neo4j.kernel.configuration.Config
2019-02-27 03:28:14.439+0000 INFO [o.n.k.i.DiagnosticsManager] org.neo4j.kernel.info.DiagnosticsManager
2019-02-27 03:28:14.439+0000 INFO [o.n.k.i.DiagnosticsManager] SYSTEM_MEMORY
2019-02-27 03:28:14.439+0000 INFO [o.n.k.i.DiagnosticsManager] JAVA_MEMORY
2019-02-27 03:28:14.439+0000 INFO [o.n.k.i.DiagnosticsManager] OPERATING_SYSTEM
2019-02-27 03:28:14.439+0000 INFO [o.n.k.i.DiagnosticsManager] JAVA_VIRTUAL_MACHINE
2019-02-27 03:28:14.440+0000 INFO [o.n.k.i.DiagnosticsManager] CLASSPATH
2019-02-27 03:28:14.440+0000 INFO [o.n.k.i.DiagnosticsManager] LIBRARY_PATH
2019-02-27 03:28:14.440+0000 INFO [o.n.k.i.DiagnosticsManager] SYSTEM_PROPERTIES
2019-02-27 03:28:14.440+0000 INFO [o.n.k.i.DiagnosticsManager] TIMEZONE_DATABASE
2019-02-27 03:28:14.440+0000 INFO [o.n.k.i.DiagnosticsManager] NETWORK
2019-02-27 03:28:14.440+0000 INFO [o.n.k.i.DiagnosticsManager] System memory information:
2019-02-27 03:28:14.450+0000 INFO [o.n.k.i.DiagnosticsManager] Total Physical memory: 8.00 GB
2019-02-27 03:28:14.451+0000 INFO [o.n.k.i.DiagnosticsManager] Free Physical memory: 250.33 MB
2019-02-27 03:28:14.452+0000 INFO [o.n.k.i.DiagnosticsManager] Committed virtual memory: 7.57 GB
2019-02-27 03:28:14.453+0000 INFO [o.n.k.i.DiagnosticsManager] Total swap space: 1.00 GB
2019-02-27 03:28:14.454+0000 INFO [o.n.k.i.DiagnosticsManager] Free swap space: 986.00 MB
2019-02-27 03:28:14.454+0000 INFO [o.n.k.i.DiagnosticsManager] JVM memory information:
2019-02-27 03:28:14.454+0000 INFO [o.n.k.i.DiagnosticsManager] Free  memory: 100.77 MB
2019-02-27 03:28:14.455+0000 INFO [o.n.k.i.DiagnosticsManager] Total memory: 128.00 MB
2019-02-27 03:28:14.455+0000 INFO [o.n.k.i.DiagnosticsManager] Max   memory: 2.00 GB
2019-02-27 03:28:14.458+0000 INFO [o.n.k.i.DiagnosticsManager] Garbage Collector: G1 Young Generation: [G1 Eden Space, G1 Survivor Space]
2019-02-27 03:28:14.458+0000 INFO [o.n.k.i.DiagnosticsManager] Garbage Collector: G1 Old Generation: [G1 Eden Space, G1 Survivor Space, G1 Old Gen]
2019-02-27 03:28:14.459+0000 INFO [o.n.k.i.DiagnosticsManager] Memory Pool: Code Cache (Non-heap memory): committed=5.50 MB, used=5.46 MB, max=240.00 MB, threshold=0.00 B
2019-02-27 03:28:14.460+0000 INFO [o.n.k.i.DiagnosticsManager] Memory Pool: Metaspace (Non-heap memory): committed=15.13 MB, used=14.14 MB, max=-1.00 B, threshold=0.00 B
2019-02-27 03:28:14.460+0000 INFO [o.n.k.i.DiagnosticsManager] Memory Pool: Compressed Class Space (Non-heap memory): committed=2.13 MB, used=1.87 MB, max=1.00 GB, threshold=0.00 B
2019-02-27 03:28:14.460+0000 INFO [o.n.k.i.DiagnosticsManager] Memory Pool: G1 Eden Space (Heap memory): committed=73.00 MB, used=15.00 MB, max=-1.00 B, threshold=?
2019-02-27 03:28:14.461+0000 INFO [o.n.k.i.DiagnosticsManager] Memory Pool: G1 Survivor Space (Heap memory): committed=7.00 MB, used=7.00 MB, max=-1.00 B, threshold=?
2019-02-27 03:28:14.461+0000 INFO [o.n.k.i.DiagnosticsManager] Memory Pool: G1 Old Gen (Heap memory): committed=48.00 MB, used=4.23 MB, max=2.00 GB, threshold=0.00 B
2019-02-27 03:28:14.461+0000 INFO [o.n.k.i.DiagnosticsManager] Operating system information:
2019-02-27 03:28:14.463+0000 INFO [o.n.k.i.DiagnosticsManager] Operating System: Mac OS X; version: 10.14; arch: x86_64; cpus: 4
2019-02-27 03:28:14.465+0000 INFO [o.n.k.i.DiagnosticsManager] Max number of file descriptors: 10240
2019-02-27 03:28:14.465+0000 INFO [o.n.k.i.DiagnosticsManager] Number of open file descriptors: 115
2019-02-27 03:28:14.590+0000 INFO [o.n.k.i.DiagnosticsManager] Process id: 39011@MacBooks-MacBook-Pro.local
2019-02-27 03:28:14.590+0000 INFO [o.n.k.i.DiagnosticsManager] Byte order: LITTLE_ENDIAN
2019-02-27 03:28:14.594+0000 INFO [o.n.k.i.DiagnosticsManager] Local timezone: Asia/Ho_Chi_Minh
2019-02-27 03:28:14.594+0000 INFO [o.n.k.i.DiagnosticsManager] JVM information:
2019-02-27 03:28:14.594+0000 INFO [o.n.k.i.DiagnosticsManager] VM Name: Java HotSpot(TM) 64-Bit Server VM
2019-02-27 03:28:14.595+0000 INFO [o.n.k.i.DiagnosticsManager] VM Vendor: Oracle Corporation
2019-02-27 03:28:14.595+0000 INFO [o.n.k.i.DiagnosticsManager] VM Version: 25.131-b11
2019-02-27 03:28:14.595+0000 INFO [o.n.k.i.DiagnosticsManager] JIT compiler: HotSpot 64-Bit Tiered Compilers
2019-02-27 03:28:14.596+0000 INFO [o.n.k.i.DiagnosticsManager] VM Arguments: [-XX:+UseG1GC, -XX:-OmitStackTraceInFastThrow, -XX:+AlwaysPreTouch, -XX:+UnlockExperimentalVMOptions, -XX:+TrustFinalNonStaticFields, -XX:+DisableExplicitGC, -Djdk.tls.ephemeralDHKeySize=2048, -Djdk.tls.rejectClientInitiatedRenegotiation=true, -Dunsupported.dbms.udc.source=tarball, -Dfile.encoding=UTF-8]
2019-02-27 03:28:14.596+0000 INFO [o.n.k.i.DiagnosticsManager] Java classpath:
2019-02-27 03:28:14.602+0000 INFO [o.n.k.i.DiagnosticsManager]  [classpath + loader.0] file:/Users/Macbook/FinalApp/db/neo4j/development/lib/neo4j-cypher-interpreted-runtime-3.4.1.jar
2019-02-27 03:28:14.602+0000 INFO [o.n.k.i.DiagnosticsManager]  [classpath + loader.0] file:/Users/Macbook/FinalApp/db/neo4j/development/lib/neo4j-csv-3.4.1.jar
2019-02-27 03:28:14.602+0000 INFO [o.n.k.i.DiagnosticsManager]  [classpath + loader.0] file:/Users/Macbook/FinalApp/db/neo4j/development/lib/neo4j-cypher-ir-3.4-3.4.1.jar
2019-02-27 03:28:14.602+0000 INFO [o.n.k.i.DiagnosticsManager]  [classpath + loader.0] file:/Users/Macbook/FinalApp/db/neo4j/development/lib/neo4j-resource-3.4.1.jar
2019-02-27 03:28:14.602+0000 INFO [o.n.k.i.DiagnosticsManager]  [classpath + loader.0] file:/Users/Macbook/FinalApp/db/neo4j/development/lib/commons-compress-1.16.1.jar
2019-02-27 03:28:14.602+0000 INFO [o.n.k.i.DiagnosticsManager]  [classpath + loader.0] file:/Users/Macbook/FinalApp/db/neo4j/development/lib/netty-all-4.1.24.Final.jar
2019-02-27 03:28:14.602+0000 INFO [o.n.k.i.DiagnosticsManager]  [classpath + loader.0] file:/Users/Macbook/FinalApp/db/neo4j/development/plugins/
2019-02-27 03:28:14.602+0000 INFO [o.n.k.i.DiagnosticsManager]  [classpath + loader.0] file:/Users/Macbook/FinalApp/db/neo4j/development/lib/commons-lang3-3.7.jar
2019-02-27 03:28:14.603+0000 INFO [o.n.k.i.DiagnosticsManager]  [loader.1] file:/Library/Java/JavaVirtualMachines/jdk1.8.0_131.jdk/Contents/Home/jre/lib/ext/nashorn.jar
2019-02-27 03:28:14.603+0000 INFO [o.n.k.i.DiagnosticsManager]  [classpath + loader.0] file:/Users/Macbook/FinalApp/db/neo4j/development/lib/neo4j-cypher-compiler-3.1-3.1.8.jar
2019-02-27 03:28:14.603+0000 INFO [o.n.k.i.DiagnosticsManager]  [bootstrap] /Library/Java/JavaVirtualMachines/jdk1.8.0_131.jdk/Contents/Home/jre/lib/jsse.jar
2019-02-27 03:28:14.603+0000 INFO [o.n.k.i.DiagnosticsManager]  [bootstrap] /Library/Java/JavaVirtualMachines/jdk1.8.0_131.jdk/Contents/Home/jre/lib/jce.jar
2019-02-27 03:28:14.603+0000 INFO [o.n.k.i.DiagnosticsManager]  [classpath + loader.0] file:/Users/Macbook/FinalApp/db/neo4j/development/lib/jackson-jaxrs-1.9.13.jar
2019-02-27 03:28:14.603+0000 INFO [o.n.k.i.DiagnosticsManager]  [classpath + loader.0] file:/Users/Macbook/FinalApp/db/neo4j/development/lib/WMI4Java-1.6.1.jar
2019-02-27 03:28:14.603+0000 INFO [o.n.k.i.DiagnosticsManager]  [classpath + loader.0] file:/Users/Macbook/FinalApp/db/neo4j/development/lib/jetty-server-9.4.8.v20171121.jar
2019-02-27 03:28:14.603+0000 INFO [o.n.k.i.DiagnosticsManager]  [classpath + loader.0] file:/Users/Macbook/FinalApp/db/neo4j/development/lib/neo4j-cypher-compiler-2.3-2.3.12.jar
2019-02-27 03:28:14.603+0000 INFO [o.n.k.i.DiagnosticsManager]  [classpath + loader.0] file:/Users/Macbook/FinalApp/db/neo4j/development/lib/jersey-core-1.19.3.jar
2019-02-27 03:28:14.603+0000 INFO [o.n.k.i.DiagnosticsManager]  [classpath + loader.0] file:/Users/Macbook/FinalApp/db/neo4j/development/lib/scala-library-2.11.12.jar
2019-02-27 03:28:14.603+0000 INFO [o.n.k.i.DiagnosticsManager]  [loader.1] file:/Library/Java/JavaVirtualMachines/jdk1.8.0_131.jdk/Contents/Home/jre/lib/ext/zipfs.jar
2019-02-27 03:28:14.603+0000 INFO [o.n.k.i.DiagnosticsManager]  [classpath + loader.0] file:/Users/Macbook/FinalApp/db/neo4j/development/lib/commons-configuration-1.10.jar
2019-02-27 03:28:14.603+0000 INFO [o.n.k.i.DiagnosticsManager]  [classpath + loader.0] file:/Users/Macbook/FinalApp/db/neo4j/development/lib/jetty-webapp-9.4.8.v20171121.jar
2019-02-27 03:28:14.603+0000 INFO [o.n.k.i.DiagnosticsManager]  [classpath + loader.0] file:/Users/Macbook/FinalApp/db/neo4j/development/lib/neo4j-unsafe-3.4.1.jar
2019-02-27 03:28:14.603+0000 INFO [o.n.k.i.DiagnosticsManager]  [classpath + loader.0] file:/Users/Macbook/FinalApp/db/neo4j/development/lib/neo4j-graph-matching-3.1.6.jar
2019-02-27 03:28:14.603+0000 INFO [o.n.k.i.DiagnosticsManager]  [classpath + loader.0] file:/Users/Macbook/FinalApp/db/neo4j/development/lib/neo4j-cypher-logical-plans-3.3-3.3.5.jar
2019-02-27 03:28:14.604+0000 INFO [o.n.k.i.DiagnosticsManager]  [classpath + loader.0] file:/Users/Macbook/FinalApp/db/neo4j/development/lib/neo4j-kernel-api-3.4.1.jar
2019-02-27 03:28:14.604+0000 INFO [o.n.k.i.DiagnosticsManager]  [classpath + loader.0] file:/Users/Macbook/FinalApp/db/neo4j/development/lib/parboiled-scala_2.11-1.1.7.jar
2019-02-27 03:28:14.604+0000 INFO [o.n.k.i.DiagnosticsManager]  [classpath + loader.0] file:/Users/Macbook/FinalApp/db/neo4j/development/lib/objenesis-2.6.jar
2019-02-27 03:28:14.604+0000 INFO [o.n.k.i.DiagnosticsManager]  [classpath + loader.0] file:/Users/Macbook/FinalApp/db/neo4j/development/lib/openCypher-frontend-1-3.4.1.jar
2019-02-27 03:28:14.604+0000 INFO [o.n.k.i.DiagnosticsManager]  [classpath + loader.0] file:/Users/Macbook/FinalApp/db/neo4j/development/lib/neo4j-cypher-compiler-3.3-3.3.5.jar
2019-02-27 03:28:14.604+0000 INFO [o.n.k.i.DiagnosticsManager]  [loader.1] file:/Library/Java/JavaVirtualMachines/jdk1.8.0_131.jdk/Contents/Home/jre/lib/ext/sunec.jar
2019-02-27 03:28:14.604+0000 INFO [o.n.k.i.DiagnosticsManager]  [classpath + loader.0] file:/Users/Macbook/FinalApp/db/neo4j/development/plugins/*
2019-02-27 03:28:14.604+0000 INFO [o.n.k.i.DiagnosticsManager]  [bootstrap] /Library/Java/JavaVirtualMachines/jdk1.8.0_131.jdk/Contents/Home/jre/lib/sunrsasign.jar
2019-02-27 03:28:14.604+0000 INFO [o.n.k.i.DiagnosticsManager]  [classpath + loader.0] file:/Users/Macbook/FinalApp/db/neo4j/development/lib/neo4j-procedure-api-3.4.1.jar
2019-02-27 03:28:14.604+0000 INFO [o.n.k.i.DiagnosticsManager]  [classpath + loader.0] file:/Users/Macbook/FinalApp/db/neo4j/development/lib/neo4j-dbms-3.4.1.jar
2019-02-27 03:28:14.604+0000 INFO [o.n.k.i.DiagnosticsManager]  [classpath + loader.0] file:/Users/Macbook/FinalApp/db/neo4j/development/lib/neo4j-ssl-3.4.1.jar
2019-02-27 03:28:14.604+0000 INFO [o.n.k.i.DiagnosticsManager]  [classpath + loader.0] file:/Users/Macbook/FinalApp/db/neo4j/development/lib/neo4j-cypher-expression-3.4-3.4.1.jar
2019-02-27 03:28:14.604+0000 INFO [o.n.k.i.DiagnosticsManager]  [classpath + loader.0] file:/Users/Macbook/FinalApp/db/neo4j/development/lib/jersey-server-1.19.3.jar
2019-02-27 03:28:14.604+0000 INFO [o.n.k.i.DiagnosticsManager]  [classpath + loader.0] file:/Users/Macbook/FinalApp/db/neo4j/development/lib/jetty-servlet-9.4.8.v20171121.jar
2019-02-27 03:28:14.604+0000 INFO [o.n.k.i.DiagnosticsManager]  [classpath + loader.0] file:/Users/Macbook/FinalApp/db/neo4j/development/lib/neo4j-index-3.4.1.jar
2019-02-27 03:28:14.605+0000 INFO [o.n.k.i.DiagnosticsManager]  [classpath + loader.0] file:/Users/Macbook/FinalApp/db/neo4j/development/lib/lucene-core-5.5.5.jar
2019-02-27 03:28:14.605+0000 INFO [o.n.k.i.DiagnosticsManager]  [classpath + loader.0] file:/Users/Macbook/FinalApp/db/neo4j/development/lib/neo4j-cypher-3.4.1.jar
2019-02-27 03:28:14.605+0000 INFO [o.n.k.i.DiagnosticsManager]  [classpath + loader.0] file:/Users/Macbook/FinalApp/db/neo4j/development/lib/jetty-http-9.4.8.v20171121.jar
2019-02-27 03:28:14.605+0000 INFO [o.n.k.i.DiagnosticsManager]  [bootstrap] /Library/Java/JavaVirtualMachines/jdk1.8.0_131.jdk/Contents/Home/jre/lib/resources.jar
2019-02-27 03:28:14.605+0000 INFO [o.n.k.i.DiagnosticsManager]  [classpath + loader.0] file:/Users/Macbook/FinalApp/db/neo4j/development/lib/neo4j-graph-algo-3.4.1.jar
2019-02-27 03:28:14.605+0000 INFO [o.n.k.i.DiagnosticsManager]  [classpath + loader.0] file:/Users/Macbook/FinalApp/db/neo4j/development/lib/javax.servlet-api-3.1.0.jar
2019-02-27 03:28:14.605+0000 INFO [o.n.k.i.DiagnosticsManager]  [classpath + loader.0] file:/Users/Macbook/FinalApp/db/neo4j/development/lib/lucene-queryparser-5.5.5.jar
2019-02-27 03:28:14.605+0000 INFO [o.n.k.i.DiagnosticsManager]  [classpath + loader.0] file:/Users/Macbook/FinalApp/db/neo4j/development/lib/neo4j-command-line-3.4.1.jar
2019-02-27 03:28:14.605+0000 INFO [o.n.k.i.DiagnosticsManager]  [classpath + loader.0] file:/Users/Macbook/FinalApp/db/neo4j/development/lib/rhino-1.7.9.jar
2019-02-27 03:28:14.605+0000 INFO [o.n.k.i.DiagnosticsManager]  [classpath + loader.0] file:/Users/Macbook/FinalApp/db/neo4j/development/lib/neo4j-cypher-runtime-util-3.4.1.jar
2019-02-27 03:28:14.605+0000 INFO [o.n.k.i.DiagnosticsManager]  [classpath + loader.0] file:/Users/Macbook/FinalApp/db/neo4j/development/lib/jsr311-api-1.1.2.r612.jar
2019-02-27 03:28:14.605+0000 INFO [o.n.k.i.DiagnosticsManager]  [classpath + loader.0] file:/Users/Macbook/FinalApp/db/neo4j/development/lib/neo4j-lucene-upgrade-3.4.1.jar
2019-02-27 03:28:14.605+0000 INFO [o.n.k.i.DiagnosticsManager]  [classpath + loader.0] file:/Users/Macbook/FinalApp/db/neo4j/development/lib/neo4j-collections-3.4.1.jar
2019-02-27 03:28:14.606+0000 INFO [o.n.k.i.DiagnosticsManager]  [classpath + loader.0] file:/Users/Macbook/FinalApp/db/neo4j/development/lib/neo4j-cypher-frontend-3.1-3.1.8.jar
2019-02-27 03:28:14.606+0000 INFO [o.n.k.i.DiagnosticsManager]  [classpath + loader.0] file:/Users/Macbook/FinalApp/db/neo4j/development/lib/neo4j-consistency-check-3.4.1.jar
2019-02-27 03:28:14.606+0000 INFO [o.n.k.i.DiagnosticsManager]  [classpath + loader.0] file:/Users/Macbook/FinalApp/db/neo4j/development/lib/neo4j-shell-3.4.1.jar
2019-02-27 03:28:14.606+0000 INFO [o.n.k.i.DiagnosticsManager]  [classpath + loader.0] file:/Users/Macbook/FinalApp/db/neo4j/development/lib/commons-logging-1.1.1.jar
2019-02-27 03:28:14.606+0000 INFO [o.n.k.i.DiagnosticsManager]  [classpath + loader.0] file:/Users/Macbook/FinalApp/db/neo4j/development/lib/neo4j-bolt-3.4.1.jar
2019-02-27 03:28:14.606+0000 INFO [o.n.k.i.DiagnosticsManager]  [classpath + loader.0] file:/Users/Macbook/FinalApp/db/neo4j/development/lib/neo4j-cypher-util-3.4-3.4.1.jar
2019-02-27 03:28:14.606+0000 INFO [o.n.k.i.DiagnosticsManager]  [loader.1] file:/Library/Java/JavaVirtualMachines/jdk1.8.0_131.jdk/Contents/Home/jre/lib/ext/localedata.jar
2019-02-27 03:28:14.606+0000 INFO [o.n.k.i.DiagnosticsManager]  [classpath + loader.0] file:/Users/Macbook/FinalApp/db/neo4j/development/lib/opencsv-2.3.jar
2019-02-27 03:28:14.606+0000 INFO [o.n.k.i.DiagnosticsManager]  [classpath + loader.0] file:/Users/Macbook/FinalApp/db/neo4j/development/lib/neo4j-io-3.4.1.jar
2019-02-27 03:28:14.606+0000 INFO [o.n.k.i.DiagnosticsManager]  [classpath + loader.0] file:/Users/Macbook/FinalApp/db/neo4j/development/lib/neo4j-cypher-frontend-3.3-3.3.5.jar
2019-02-27 03:28:14.606+0000 INFO [o.n.k.i.DiagnosticsManager]  [classpath + loader.0] file:/Users/Macbook/FinalApp/db/neo4j/development/lib/neo4j-codegen-3.4.1.jar
2019-02-27 03:28:14.606+0000 INFO [o.n.k.i.DiagnosticsManager]  [loader.1] file:/Library/Java/JavaVirtualMachines/jdk1.8.0_131.jdk/Contents/Home/jre/lib/ext/jaccess.jar
2019-02-27 03:28:14.607+0000 INFO [o.n.k.i.DiagnosticsManager]  [classpath + loader.0] file:/Users/Macbook/FinalApp/db/neo4j/development/lib/neo4j-spatial-index-3.4.1.jar
2019-02-27 03:28:14.607+0000 INFO [o.n.k.i.DiagnosticsManager]  [classpath + loader.0] file:/Users/Macbook/FinalApp/db/neo4j/development/lib/jetty-xml-9.4.8.v20171121.jar
2019-02-27 03:28:14.607+0000 INFO [o.n.k.i.DiagnosticsManager]  [classpath + loader.0] file:/Users/Macbook/FinalApp/db/neo4j/development/lib/jetty-security-9.4.8.v20171121.jar
2019-02-27 03:28:14.607+0000 INFO [o.n.k.i.DiagnosticsManager]  [classpath + loader.0] file:/Users/Macbook/FinalApp/db/neo4j/development/lib/neo4j-configuration-3.4.1.jar
2019-02-27 03:28:14.607+0000 INFO [o.n.k.i.DiagnosticsManager]  [classpath + loader.0] file:/Users/Macbook/FinalApp/db/neo4j/development/lib/jackson-mapper-asl-1.9.13.jar
2019-02-27 03:28:14.607+0000 INFO [o.n.k.i.DiagnosticsManager]  [classpath + loader.0] file:/Users/Macbook/FinalApp/db/neo4j/development/lib/jline-2.12.jar
2019-02-27 03:28:14.607+0000 INFO [o.n.k.i.DiagnosticsManager]  [classpath + loader.0] file:/Users/Macbook/FinalApp/db/neo4j/development/lib/neo4j-jmx-3.4.1.jar
2019-02-27 03:28:14.607+0000 INFO [o.n.k.i.DiagnosticsManager]  [classpath + loader.0] file:/Library/Java/JavaVirtualMachines/jdk1.8.0_131.jdk/Contents/Home/lib/tools.jar
2019-02-27 03:28:14.607+0000 INFO [o.n.k.i.DiagnosticsManager]  [classpath + loader.0] file:/Users/Macbook/FinalApp/db/neo4j/development/lib/neo4j-server-3.4.1.jar
2019-02-27 03:28:14.607+0000 INFO [o.n.k.i.DiagnosticsManager]  [classpath + loader.0] file:/Users/Macbook/FinalApp/db/neo4j/development/lib/neo4j-lucene-index-3.4.1.jar
2019-02-27 03:28:14.607+0000 INFO [o.n.k.i.DiagnosticsManager]  [classpath + loader.0] file:/Users/Macbook/FinalApp/db/neo4j/development/lib/lucene-codecs-5.5.5.jar
2019-02-27 03:28:14.607+0000 INFO [o.n.k.i.DiagnosticsManager]  [classpath + loader.0] file:/Users/Macbook/FinalApp/db/neo4j/development/lib/neo4j-common-3.4.1.jar
2019-02-27 03:28:14.607+0000 INFO [o.n.k.i.DiagnosticsManager]  [classpath + loader.0] file:/Users/Macbook/FinalApp/db/neo4j/development/lib/caffeine-2.6.2.jar
2019-02-27 03:28:14.607+0000 INFO [o.n.k.i.DiagnosticsManager]  [classpath + loader.0] file:/Users/Macbook/FinalApp/db/neo4j/development/lib/jersey-servlet-1.19.3.jar
2019-02-27 03:28:14.608+0000 INFO [o.n.k.i.DiagnosticsManager]  [loader.1] file:/Library/Java/JavaVirtualMachines/jdk1.8.0_131.jdk/Contents/Home/jre/lib/ext/jfxrt.jar
2019-02-27 03:28:14.608+0000 INFO [o.n.k.i.DiagnosticsManager]  [bootstrap] /Library/Java/JavaVirtualMachines/jdk1.8.0_131.jdk/Contents/Home/jre/lib/jfr.jar
2019-02-27 03:28:14.608+0000 INFO [o.n.k.i.DiagnosticsManager]  [classpath + loader.0] file:/Users/Macbook/FinalApp/db/neo4j/development/lib/neo4j-cypher-logical-plans-3.4-3.4.1.jar
2019-02-27 03:28:14.608+0000 INFO [o.n.k.i.DiagnosticsManager]  [classpath + loader.0] file:/Users/Macbook/FinalApp/db/neo4j/development/lib/neo4j-browser-3.1.14.jar
2019-02-27 03:28:14.608+0000 INFO [o.n.k.i.DiagnosticsManager]  [classpath + loader.0] file:/Users/Macbook/FinalApp/db/neo4j/development/lib/concurrentlinkedhashmap-lru-1.4.2.jar
2019-02-27 03:28:14.608+0000 INFO [o.n.k.i.DiagnosticsManager]  [classpath + loader.0] file:/Users/Macbook/FinalApp/db/neo4j/development/lib/server-api-3.4.1.jar
2019-02-27 03:28:14.608+0000 INFO [o.n.k.i.DiagnosticsManager]  [loader.1] file:/Library/Java/JavaVirtualMachines/jdk1.8.0_131.jdk/Contents/Home/jre/lib/ext/sunjce_provider.jar
2019-02-27 03:28:14.608+0000 INFO [o.n.k.i.DiagnosticsManager]  [classpath + loader.0] file:/Users/Macbook/FinalApp/db/neo4j/development/lib/neo4j-graphdb-api-3.4.1.jar
2019-02-27 03:28:14.608+0000 INFO [o.n.k.i.DiagnosticsManager]  [classpath + loader.0] file:/Users/Macbook/FinalApp/db/neo4j/development/lib/jPowerShell-1.9.jar
2019-02-27 03:28:14.608+0000 INFO [o.n.k.i.DiagnosticsManager]  [classpath + loader.0] file:/Users/Macbook/FinalApp/db/neo4j/development/lib/neo4j-cypher-ir-3.3-3.3.5.jar
2019-02-27 03:28:14.608+0000 INFO [o.n.k.i.DiagnosticsManager]  [loader.1] file:/System/Library/Java/Extensions/MRJToolkit.jar
2019-02-27 03:28:14.608+0000 INFO [o.n.k.i.DiagnosticsManager]  [classpath + loader.0] file:/Users/Macbook/FinalApp/db/neo4j/development/lib/neo4j-cypher-planner-spi-3.4-3.4.1.jar
2019-02-27 03:28:14.608+0000 INFO [o.n.k.i.DiagnosticsManager]  [classpath + loader.0] file:/Users/Macbook/FinalApp/db/neo4j/development/lib/bcpkix-jdk15on-1.59.jar
2019-02-27 03:28:14.608+0000 INFO [o.n.k.i.DiagnosticsManager]  [loader.1] file:/Library/Java/JavaVirtualMachines/jdk1.8.0_131.jdk/Contents/Home/jre/lib/ext/dnsns.jar
2019-02-27 03:28:14.608+0000 INFO [o.n.k.i.DiagnosticsManager]  [classpath + loader.0] file:/Users/Macbook/FinalApp/db/neo4j/development/lib/commons-lang-2.6.jar
2019-02-27 03:28:14.608+0000 INFO [o.n.k.i.DiagnosticsManager]  [classpath + loader.0] file:/Users/Macbook/FinalApp/db/neo4j/development/lib/jetty-util-9.4.8.v20171121.jar
2019-02-27 03:28:14.608+0000 INFO [o.n.k.i.DiagnosticsManager]  [classpath + loader.0] file:/Users/Macbook/FinalApp/db/neo4j/development/lib/neo4j-cypher-frontend-2.3-2.3.12.jar
2019-02-27 03:28:14.608+0000 INFO [o.n.k.i.DiagnosticsManager]  [classpath + loader.0] file:/Users/Macbook/FinalApp/db/neo4j/development/lib/parboiled-core-1.1.7.jar
2019-02-27 03:28:14.609+0000 INFO [o.n.k.i.DiagnosticsManager]  [classpath + loader.0] file:/Users/Macbook/FinalApp/db/neo4j/development/lib/neo4j-values-3.4.1.jar
2019-02-27 03:28:14.609+0000 INFO [o.n.k.i.DiagnosticsManager]  [loader.1] file:/Library/Java/JavaVirtualMachines/jdk1.8.0_131.jdk/Contents/Home/jre/lib/ext/sunpkcs11.jar
2019-02-27 03:28:14.609+0000 INFO [o.n.k.i.DiagnosticsManager]  [classpath + loader.0] file:/Users/Macbook/FinalApp/db/neo4j/development/lib/jackson-core-asl-1.9.13.jar
2019-02-27 03:28:14.609+0000 INFO [o.n.k.i.DiagnosticsManager]  [classpath + loader.0] file:/Users/Macbook/FinalApp/db/neo4j/development/lib/neo4j-primitive-collections-3.4.1.jar
2019-02-27 03:28:14.609+0000 INFO [o.n.k.i.DiagnosticsManager]  [loader.1] file:/Library/Java/JavaVirtualMachines/jdk1.8.0_131.jdk/Contents/Home/jre/lib/ext/cldrdata.jar
2019-02-27 03:28:14.609+0000 INFO [o.n.k.i.DiagnosticsManager]  [classpath + loader.0] file:/Users/Macbook/FinalApp/db/neo4j/development/lib/neo4j-udc-3.4.1.jar
2019-02-27 03:28:14.609+0000 INFO [o.n.k.i.DiagnosticsManager]  [classpath + loader.0] file:/Users/Macbook/FinalApp/db/neo4j/development/lib/jetty-io-9.4.8.v20171121.jar
2019-02-27 03:28:14.609+0000 INFO [o.n.k.i.DiagnosticsManager]  [classpath + loader.0] file:/Users/Macbook/FinalApp/db/neo4j/development/lib/neo4j-import-tool-3.4.1.jar
2019-02-27 03:28:14.609+0000 INFO [o.n.k.i.DiagnosticsManager]  [classpath + loader.0] file:/Users/Macbook/FinalApp/db/neo4j/development/lib/neo4j-cypher-planner-3.4-3.4.1.jar
2019-02-27 03:28:14.609+0000 INFO [o.n.k.i.DiagnosticsManager]  [bootstrap] /Library/Java/JavaVirtualMachines/jdk1.8.0_131.jdk/Contents/Home/jre/classes
2019-02-27 03:28:14.609+0000 INFO [o.n.k.i.DiagnosticsManager]  [classpath + loader.0] file:/Users/Macbook/FinalApp/db/neo4j/development/lib/lucene-analyzers-common-5.5.5.jar
2019-02-27 03:28:14.609+0000 INFO [o.n.k.i.DiagnosticsManager]  [classpath + loader.0] file:/Users/Macbook/FinalApp/db/neo4j/development/lib/neo4j-logging-3.4.1.jar
2019-02-27 03:28:14.609+0000 INFO [o.n.k.i.DiagnosticsManager]  [classpath + loader.0] file:/Users/Macbook/FinalApp/db/neo4j/development/lib/neo4j-security-3.4.1.jar
2019-02-27 03:28:14.609+0000 INFO [o.n.k.i.DiagnosticsManager]  [classpath + loader.0] file:/Users/Macbook/FinalApp/db/neo4j/development/lib/jProcesses-1.6.4.jar
2019-02-27 03:28:14.609+0000 INFO [o.n.k.i.DiagnosticsManager]  [classpath + loader.0] file:/Users/Macbook/FinalApp/db/neo4j/development/lib/commons-io-2.6.jar
2019-02-27 03:28:14.610+0000 INFO [o.n.k.i.DiagnosticsManager]  [bootstrap] /Library/Java/JavaVirtualMachines/jdk1.8.0_131.jdk/Contents/Home/jre/lib/charsets.jar
2019-02-27 03:28:14.610+0000 INFO [o.n.k.i.DiagnosticsManager]  [classpath + loader.0] file:/Users/Macbook/FinalApp/db/neo4j/development/lib/neo4j-kernel-3.4.1.jar
2019-02-27 03:28:14.610+0000 INFO [o.n.k.i.DiagnosticsManager]  [bootstrap] /Library/Java/JavaVirtualMachines/jdk1.8.0_131.jdk/Contents/Home/jre/lib/rt.jar
2019-02-27 03:28:14.610+0000 INFO [o.n.k.i.DiagnosticsManager]  [classpath + loader.0] file:/Users/Macbook/FinalApp/db/neo4j/development/lib/scala-reflect-2.11.12.jar
2019-02-27 03:28:14.610+0000 INFO [o.n.k.i.DiagnosticsManager]  [classpath + loader.0] file:/Users/Macbook/FinalApp/db/neo4j/development/lib/commons-text-1.3.jar
2019-02-27 03:28:14.610+0000 INFO [o.n.k.i.DiagnosticsManager]  [classpath + loader.0] file:/Users/Macbook/FinalApp/db/neo4j/development/conf/
2019-02-27 03:28:14.610+0000 INFO [o.n.k.i.DiagnosticsManager]  [classpath + loader.0] file:/Users/Macbook/FinalApp/db/neo4j/development/lib/bcprov-jdk15on-1.59.jar
2019-02-27 03:28:14.610+0000 INFO [o.n.k.i.DiagnosticsManager] Library path:
2019-02-27 03:28:14.610+0000 INFO [o.n.k.i.DiagnosticsManager] /Users/Macbook/Library/Java/Extensions
2019-02-27 03:28:14.610+0000 INFO [o.n.k.i.DiagnosticsManager] /Library/Java/Extensions
2019-02-27 03:28:14.611+0000 INFO [o.n.k.i.DiagnosticsManager] /Network/Library/Java/Extensions
2019-02-27 03:28:14.611+0000 INFO [o.n.k.i.DiagnosticsManager] /System/Library/Java/Extensions
2019-02-27 03:28:14.611+0000 INFO [o.n.k.i.DiagnosticsManager] /usr/lib/java
2019-02-27 03:28:14.611+0000 INFO [o.n.k.i.DiagnosticsManager] /Users/Macbook/FinalApp
2019-02-27 03:28:14.611+0000 INFO [o.n.k.i.DiagnosticsManager] System.properties:
2019-02-27 03:28:14.611+0000 INFO [o.n.k.i.DiagnosticsManager] sun.boot.library.path = /Library/Java/JavaVirtualMachines/jdk1.8.0_131.jdk/Contents/Home/jre/lib
2019-02-27 03:28:14.611+0000 INFO [o.n.k.i.DiagnosticsManager] jdk.tls.rejectClientInitiatedRenegotiation = true
2019-02-27 03:28:14.612+0000 INFO [o.n.k.i.DiagnosticsManager] gopherProxySet = false
2019-02-27 03:28:14.612+0000 INFO [o.n.k.i.DiagnosticsManager] path.separator = :
2019-02-27 03:28:14.612+0000 INFO [o.n.k.i.DiagnosticsManager] file.encoding.pkg = sun.io
2019-02-27 03:28:14.612+0000 INFO [o.n.k.i.DiagnosticsManager] user.country = US
2019-02-27 03:28:14.612+0000 INFO [o.n.k.i.DiagnosticsManager] sun.java.launcher = SUN_STANDARD
2019-02-27 03:28:14.612+0000 INFO [o.n.k.i.DiagnosticsManager] sun.os.patch.level = unknown
2019-02-27 03:28:14.612+0000 INFO [o.n.k.i.DiagnosticsManager] user.dir = /Users/Macbook/FinalApp
2019-02-27 03:28:14.612+0000 INFO [o.n.k.i.DiagnosticsManager] sun.jnu.encoding = UTF-8
2019-02-27 03:28:14.612+0000 INFO [o.n.k.i.DiagnosticsManager] unsupported.dbms.udc.source = tarball
2019-02-27 03:28:14.612+0000 INFO [o.n.k.i.DiagnosticsManager] sun.management.compiler = HotSpot 64-Bit Tiered Compilers
2019-02-27 03:28:14.612+0000 INFO [o.n.k.i.DiagnosticsManager] http.nonProxyHosts = local|*.local|169.254/16|*.169.254/16
2019-02-27 03:28:14.612+0000 INFO [o.n.k.i.DiagnosticsManager] user.home = /Users/Macbook
2019-02-27 03:28:14.612+0000 INFO [o.n.k.i.DiagnosticsManager] user.timezone = Asia/Ho_Chi_Minh
2019-02-27 03:28:14.612+0000 INFO [o.n.k.i.DiagnosticsManager] file.encoding = UTF-8
2019-02-27 03:28:14.612+0000 INFO [o.n.k.i.DiagnosticsManager] user.name = Macbook
2019-02-27 03:28:14.612+0000 INFO [o.n.k.i.DiagnosticsManager] sun.java.command = org.neo4j.server.CommunityEntryPoint --home-dir=/Users/Macbook/FinalApp/db/neo4j/development --config-dir=/Users/Macbook/FinalApp/db/neo4j/development/conf
2019-02-27 03:28:14.612+0000 INFO [o.n.k.i.DiagnosticsManager] sun.arch.data.model = 64
2019-02-27 03:28:14.612+0000 INFO [o.n.k.i.DiagnosticsManager] user.language = en
2019-02-27 03:28:14.612+0000 INFO [o.n.k.i.DiagnosticsManager] awt.toolkit = sun.lwawt.macosx.LWCToolkit
2019-02-27 03:28:14.612+0000 INFO [o.n.k.i.DiagnosticsManager] jdk.tls.ephemeralDHKeySize = 2048
2019-02-27 03:28:14.612+0000 INFO [o.n.k.i.DiagnosticsManager] file.separator = /
2019-02-27 03:28:14.612+0000 INFO [o.n.k.i.DiagnosticsManager] sun.io.unicode.encoding = UnicodeBig
2019-02-27 03:28:14.613+0000 INFO [o.n.k.i.DiagnosticsManager] sun.cpu.endian = little
2019-02-27 03:28:14.613+0000 INFO [o.n.k.i.DiagnosticsManager] socksNonProxyHosts = local|*.local|169.254/16|*.169.254/16
2019-02-27 03:28:14.613+0000 INFO [o.n.k.i.DiagnosticsManager] ftp.nonProxyHosts = local|*.local|169.254/16|*.169.254/16
2019-02-27 03:28:14.613+0000 INFO [o.n.k.i.DiagnosticsManager] sun.cpu.isalist = 
2019-02-27 03:28:14.613+0000 INFO [o.n.k.i.DiagnosticsManager] (IANA) TimeZone Database Version:
2019-02-27 03:28:14.661+0000 INFO [o.n.k.i.DiagnosticsManager]   TimeZone version: 2017a (available for 600 zone identifiers)
2019-02-27 03:28:14.661+0000 INFO [o.n.k.i.DiagnosticsManager] Network information:
2019-02-27 03:28:14.668+0000 INFO [o.n.k.i.DiagnosticsManager] Interface utun0:
2019-02-27 03:28:14.668+0000 INFO [o.n.k.i.DiagnosticsManager]     address: fe80:0:0:0:5d28:277b:1069:b967%utun0
2019-02-27 03:28:14.668+0000 INFO [o.n.k.i.DiagnosticsManager] Interface awdl0:
2019-02-27 03:28:14.668+0000 INFO [o.n.k.i.DiagnosticsManager]     address: fe80:0:0:0:68e4:adff:fea7:49e2%awdl0
2019-02-27 03:28:14.668+0000 INFO [o.n.k.i.DiagnosticsManager] Interface en0:
2019-02-27 03:28:14.668+0000 INFO [o.n.k.i.DiagnosticsManager]     address: fe80:0:0:0:1c98:179a:28dc:16bc%en0
2019-02-27 03:28:14.668+0000 INFO [o.n.k.i.DiagnosticsManager]     address: 192.168.0.102
2019-02-27 03:28:14.668+0000 INFO [o.n.k.i.DiagnosticsManager] Interface lo0:
2019-02-27 03:28:14.669+0000 INFO [o.n.k.i.DiagnosticsManager]     address: fe80:0:0:0:0:0:0:1%lo0
2019-02-27 03:28:14.669+0000 INFO [o.n.k.i.DiagnosticsManager]     address: 0:0:0:0:0:0:0:1
2019-02-27 03:28:14.669+0000 INFO [o.n.k.i.DiagnosticsManager]     address: 127.0.0.1
2019-02-27 03:28:14.669+0000 INFO [o.n.k.i.DiagnosticsManager] --- INITIALIZED diagnostics END ---
2019-02-27 03:28:15.424+0000 INFO [o.n.b.BoltKernelExtension] Bolt Server extension loaded.
2019-02-27 03:28:15.685+0000 INFO [o.n.k.i.s.f.RecordFormatSelector] Selected format 'RecordFormat:StandardV3_4[v0.A.9]' for the new store
2019-02-27 03:28:16.152+0000 INFO [o.n.k.i.i.l.NativeLabelScanStore] No scan store found, this might just be first use. Preparing to rebuild.
2019-02-27 03:28:16.201+0000 INFO [o.n.k.NeoStoreDataSource] Rotated to transaction log [/Users/Macbook/FinalApp/db/neo4j/development/data/databases/graph.db/neostore.transaction.db.0] version=0, last transaction in previous log=1
2019-02-27 03:28:16.203+0000 INFO [o.n.k.NeoStoreDataSource] No commits found after last check point (which is at <no log position given>)
2019-02-27 03:28:16.213+0000 WARN [o.n.k.i.s.MetaDataStore] Missing counts store, rebuilding it.
2019-02-27 03:28:16.308+0000 WARN [o.n.k.i.s.MetaDataStore] Counts store rebuild completed.
2019-02-27 03:28:16.344+0000 INFO [o.n.k.i.i.l.NativeLabelScanStore] Rebuilding scan store, this may take a while
2019-02-27 03:28:16.353+0000 INFO [o.n.k.i.i.l.NativeLabelScanStore] Scan store rebuilt (roughly 0 nodes)
2019-02-27 03:28:16.382+0000 INFO [o.n.k.i.DatabaseHealth] Database health set to OK
2019-02-27 03:28:17.120+0000 INFO [o.n.k.i.t.l.c.CheckPointerImpl] Checkpoint triggered by database shutdown @ txId: 1 checkpoint started...
2019-02-27 03:28:17.129+0000 INFO [o.n.k.i.t.l.c.CheckPointerImpl] Checkpoint triggered by database shutdown @ txId: 1 checkpoint completed in 9ms
2019-02-27 03:28:17.131+0000 INFO [o.n.k.i.t.l.p.LogPruningImpl] No log version pruned, last checkpoint was made in version 0
2019-02-27 03:28:17.143+0000 INFO [o.n.k.i.DiagnosticsManager] --- STOPPING diagnostics START ---
2019-02-27 03:28:17.143+0000 INFO [o.n.k.i.DiagnosticsManager] --- STOPPING diagnostics END ---
2019-02-27 03:28:17.144+0000 INFO [o.n.k.i.f.GraphDatabaseFacadeFactory] Shutdown started
